<?xml version="1.0" encoding="UTF-8"?>
<!-- Generated by org.testng.reporters.JUnitXMLReporter -->
<testsuite ignored="0" hostname="TYSS-Prajwal" failures="1" tests="1" name="Default test(failed)(failed)" time="0.05" errors="0" timestamp="2022-12-22T10:38:56 IST">
  <testcase classname="TestNG.Assert_Example" name="assett_1" time="0.013">
    <failure type="java.lang.AssertionError" message="The following asserts failed:
	expected [g] but found [s]">
      <![CDATA[java.lang.AssertionError: The following asserts failed:
expected [g] but found [s]
at TestNG.Assert_Example.assett_1(Assert_Example.java:15)
at java.base/java.util.ArrayList.forEach(ArrayList.java:1511)
... Removed 29 stack frames]]>
    </failure>
  </testcase> <!-- assett_1 -->
</testsuite> <!-- Default test(failed)(failed) -->
